   1              		.cpu cortex-m0
   2              		.fpu softvfp
   3              		.eabi_attribute 20, 1
   4              		.eabi_attribute 21, 1
   5              		.eabi_attribute 23, 3
   6              		.eabi_attribute 24, 1
   7              		.eabi_attribute 25, 1
   8              		.eabi_attribute 26, 1
   9              		.eabi_attribute 30, 6
  10              		.eabi_attribute 34, 0
  11              		.eabi_attribute 18, 4
  12              		.code	16
  13              		.file	"__arm_start.c"
  14              		.text
  15              	.Ltext0:
  16              		.cfi_sections	.debug_frame
  17              		.section	.bss._ZL4argv,"aw",%nobits
  18              		.align	2
  21              	_ZL4argv:
  22 0000 00000000 		.space	4
  23              		.section	.text.zero_fill_bss,"ax",%progbits
  24              		.align	2
  25              		.code	16
  26              		.thumb_func
  28              	zero_fill_bss:
  29              	.LFB9:
  30              		.file 1 "../Project_Settings/Startup_Code/__arm_start.c"
   1:../Project_Settings/Startup_Code/__arm_start.c **** /* CodeWarrior ARM Runtime Support Library
   2:../Project_Settings/Startup_Code/__arm_start.c **** 
   3:../Project_Settings/Startup_Code/__arm_start.c ****  * Copyright © 2012 Freescale Semiconductors. All rights reserved.
   4:../Project_Settings/Startup_Code/__arm_start.c **** 
   5:../Project_Settings/Startup_Code/__arm_start.c ****  *
   6:../Project_Settings/Startup_Code/__arm_start.c **** 
   7:../Project_Settings/Startup_Code/__arm_start.c ****  * $Date: 2012/07/23 06:20:27 $
   8:../Project_Settings/Startup_Code/__arm_start.c **** 
   9:../Project_Settings/Startup_Code/__arm_start.c ****  * $Revision: 1.5 $
  10:../Project_Settings/Startup_Code/__arm_start.c **** 
  11:../Project_Settings/Startup_Code/__arm_start.c ****  */
  12:../Project_Settings/Startup_Code/__arm_start.c **** 
  13:../Project_Settings/Startup_Code/__arm_start.c **** 
  14:../Project_Settings/Startup_Code/__arm_start.c **** 
  15:../Project_Settings/Startup_Code/__arm_start.c **** 
  16:../Project_Settings/Startup_Code/__arm_start.c **** 
  17:../Project_Settings/Startup_Code/__arm_start.c **** /*
  18:../Project_Settings/Startup_Code/__arm_start.c **** 
  19:../Project_Settings/Startup_Code/__arm_start.c ****  *	__arm_start.c	-	entry-point for ARM programs
  20:../Project_Settings/Startup_Code/__arm_start.c **** 
  21:../Project_Settings/Startup_Code/__arm_start.c ****  *
  22:../Project_Settings/Startup_Code/__arm_start.c **** 
  23:../Project_Settings/Startup_Code/__arm_start.c ****  */
  24:../Project_Settings/Startup_Code/__arm_start.c **** 
  25:../Project_Settings/Startup_Code/__arm_start.c **** #include <string.h>
  26:../Project_Settings/Startup_Code/__arm_start.c **** 
  27:../Project_Settings/Startup_Code/__arm_start.c **** #include <stdlib.h>
  28:../Project_Settings/Startup_Code/__arm_start.c **** 
  29:../Project_Settings/Startup_Code/__arm_start.c **** #include <runtime_configuration.h>
  30:../Project_Settings/Startup_Code/__arm_start.c **** 
  31:../Project_Settings/Startup_Code/__arm_start.c **** 
  32:../Project_Settings/Startup_Code/__arm_start.c **** 
  33:../Project_Settings/Startup_Code/__arm_start.c **** _EWL_BEGIN_EXTERN_C
  34:../Project_Settings/Startup_Code/__arm_start.c **** 
  35:../Project_Settings/Startup_Code/__arm_start.c **** 
  36:../Project_Settings/Startup_Code/__arm_start.c **** 
  37:../Project_Settings/Startup_Code/__arm_start.c **** #if SUPPORT_SEMIHOST_ARGC_ARGV
  38:../Project_Settings/Startup_Code/__arm_start.c **** 
  39:../Project_Settings/Startup_Code/__arm_start.c **** #define __MAX_CMDLINE_ARGS 10
  40:../Project_Settings/Startup_Code/__arm_start.c **** 
  41:../Project_Settings/Startup_Code/__arm_start.c **** static char *argv[__MAX_CMDLINE_ARGS] = { 0 };
  42:../Project_Settings/Startup_Code/__arm_start.c **** 
  43:../Project_Settings/Startup_Code/__arm_start.c **** #else
  44:../Project_Settings/Startup_Code/__arm_start.c **** 
  45:../Project_Settings/Startup_Code/__arm_start.c **** static char *argv[] = { 0 };
  46:../Project_Settings/Startup_Code/__arm_start.c **** 
  47:../Project_Settings/Startup_Code/__arm_start.c **** #endif
  48:../Project_Settings/Startup_Code/__arm_start.c **** 
  49:../Project_Settings/Startup_Code/__arm_start.c **** 
  50:../Project_Settings/Startup_Code/__arm_start.c **** 
  51:../Project_Settings/Startup_Code/__arm_start.c **** #if __GNUC__
  52:../Project_Settings/Startup_Code/__arm_start.c **** 
  53:../Project_Settings/Startup_Code/__arm_start.c **** #define __call_static_initializers __init_cpp
  54:../Project_Settings/Startup_Code/__arm_start.c **** 
  55:../Project_Settings/Startup_Code/__arm_start.c **** #endif
  56:../Project_Settings/Startup_Code/__arm_start.c **** 
  57:../Project_Settings/Startup_Code/__arm_start.c **** #if SUPPORT_SEMIHOST_ARGC_ARGV
  58:../Project_Settings/Startup_Code/__arm_start.c **** 
  59:../Project_Settings/Startup_Code/__arm_start.c **** extern int __argc_argv(char **, int);
  60:../Project_Settings/Startup_Code/__arm_start.c **** 
  61:../Project_Settings/Startup_Code/__arm_start.c **** #endif /* SUPPORT_SEMIHOST_ARGC_ARGV */
  62:../Project_Settings/Startup_Code/__arm_start.c **** 
  63:../Project_Settings/Startup_Code/__arm_start.c **** 
  64:../Project_Settings/Startup_Code/__arm_start.c **** 
  65:../Project_Settings/Startup_Code/__arm_start.c **** extern void __call_static_initializers(void);
  66:../Project_Settings/Startup_Code/__arm_start.c **** 
  67:../Project_Settings/Startup_Code/__arm_start.c **** extern int main(int, char **);
  68:../Project_Settings/Startup_Code/__arm_start.c **** 
  69:../Project_Settings/Startup_Code/__arm_start.c **** 
  70:../Project_Settings/Startup_Code/__arm_start.c **** 
  71:../Project_Settings/Startup_Code/__arm_start.c **** #ifdef __VFPV4__
  72:../Project_Settings/Startup_Code/__arm_start.c **** 
  73:../Project_Settings/Startup_Code/__arm_start.c **** extern void __fp_init(void);
  74:../Project_Settings/Startup_Code/__arm_start.c **** 
  75:../Project_Settings/Startup_Code/__arm_start.c **** #endif /* __VFPV4__ */
  76:../Project_Settings/Startup_Code/__arm_start.c **** 
  77:../Project_Settings/Startup_Code/__arm_start.c **** 
  78:../Project_Settings/Startup_Code/__arm_start.c **** 
  79:../Project_Settings/Startup_Code/__arm_start.c **** extern void __init_registers();
  80:../Project_Settings/Startup_Code/__arm_start.c **** 
  81:../Project_Settings/Startup_Code/__arm_start.c **** extern void __init_hardware();
  82:../Project_Settings/Startup_Code/__arm_start.c **** 
  83:../Project_Settings/Startup_Code/__arm_start.c **** extern void __init_user();
  84:../Project_Settings/Startup_Code/__arm_start.c **** 
  85:../Project_Settings/Startup_Code/__arm_start.c **** 
  86:../Project_Settings/Startup_Code/__arm_start.c **** 
  87:../Project_Settings/Startup_Code/__arm_start.c **** #if defined(__APCS_ROPI)
  88:../Project_Settings/Startup_Code/__arm_start.c **** 
  89:../Project_Settings/Startup_Code/__arm_start.c **** extern void __init_pic();
  90:../Project_Settings/Startup_Code/__arm_start.c **** 
  91:../Project_Settings/Startup_Code/__arm_start.c **** #endif
  92:../Project_Settings/Startup_Code/__arm_start.c **** 
  93:../Project_Settings/Startup_Code/__arm_start.c **** 
  94:../Project_Settings/Startup_Code/__arm_start.c **** 
  95:../Project_Settings/Startup_Code/__arm_start.c **** #if defined(__APCS_RWPI)
  96:../Project_Settings/Startup_Code/__arm_start.c **** 
  97:../Project_Settings/Startup_Code/__arm_start.c **** extern void __init_pid();
  98:../Project_Settings/Startup_Code/__arm_start.c **** 
  99:../Project_Settings/Startup_Code/__arm_start.c **** #endif
 100:../Project_Settings/Startup_Code/__arm_start.c **** 
 101:../Project_Settings/Startup_Code/__arm_start.c **** 
 102:../Project_Settings/Startup_Code/__arm_start.c **** 
 103:../Project_Settings/Startup_Code/__arm_start.c **** #if defined(__APCS_ROPI) || defined(__APCS_RWPI)
 104:../Project_Settings/Startup_Code/__arm_start.c **** 
 105:../Project_Settings/Startup_Code/__arm_start.c **** extern void __load_static_base();
 106:../Project_Settings/Startup_Code/__arm_start.c **** 
 107:../Project_Settings/Startup_Code/__arm_start.c **** #endif
 108:../Project_Settings/Startup_Code/__arm_start.c **** 
 109:../Project_Settings/Startup_Code/__arm_start.c **** 
 110:../Project_Settings/Startup_Code/__arm_start.c **** 
 111:../Project_Settings/Startup_Code/__arm_start.c **** #if defined(__SEMIHOSTING)
 112:../Project_Settings/Startup_Code/__arm_start.c **** 
 113:../Project_Settings/Startup_Code/__arm_start.c **** extern void __init_semihost(void) _EWL_WEAK;
 114:../Project_Settings/Startup_Code/__arm_start.c **** 
 115:../Project_Settings/Startup_Code/__arm_start.c **** #endif
 116:../Project_Settings/Startup_Code/__arm_start.c **** 
 117:../Project_Settings/Startup_Code/__arm_start.c **** 
 118:../Project_Settings/Startup_Code/__arm_start.c **** 
 119:../Project_Settings/Startup_Code/__arm_start.c **** #if SUPPORT_ROM_TO_RAM
 120:../Project_Settings/Startup_Code/__arm_start.c **** 
 121:../Project_Settings/Startup_Code/__arm_start.c **** extern void __copy_rom_sections_to_ram(void);
 122:../Project_Settings/Startup_Code/__arm_start.c **** 
 123:../Project_Settings/Startup_Code/__arm_start.c **** extern char __S_romp[];
 124:../Project_Settings/Startup_Code/__arm_start.c **** 
 125:../Project_Settings/Startup_Code/__arm_start.c **** #endif
 126:../Project_Settings/Startup_Code/__arm_start.c **** 
 127:../Project_Settings/Startup_Code/__arm_start.c **** 
 128:../Project_Settings/Startup_Code/__arm_start.c **** 
 129:../Project_Settings/Startup_Code/__arm_start.c **** static void zero_fill_bss(void)
 130:../Project_Settings/Startup_Code/__arm_start.c **** 
 131:../Project_Settings/Startup_Code/__arm_start.c **** {
  31              		.loc 1 131 0
  32              		.cfi_startproc
  33 0000 80B5     		push	{r7, lr}
  34              	.LCFI0:
  35              		.cfi_def_cfa_offset 8
  36              		.cfi_offset 7, -8
  37              		.cfi_offset 14, -4
  38 0002 00AF     		add	r7, sp, #0
  39              	.LCFI1:
  40              		.cfi_def_cfa_register 7
  41              	.LBB2:
 132:../Project_Settings/Startup_Code/__arm_start.c **** 
 133:../Project_Settings/Startup_Code/__arm_start.c **** 	extern char __START_BSS[];
 134:../Project_Settings/Startup_Code/__arm_start.c **** 
 135:../Project_Settings/Startup_Code/__arm_start.c **** 	extern char __END_BSS[];
 136:../Project_Settings/Startup_Code/__arm_start.c **** 
 137:../Project_Settings/Startup_Code/__arm_start.c **** 
 138:../Project_Settings/Startup_Code/__arm_start.c **** 
 139:../Project_Settings/Startup_Code/__arm_start.c **** 	memset(__START_BSS, 0, (__END_BSS - __START_BSS));
  42              		.loc 1 139 0
  43 0004 054A     		ldr	r2, .L2
  44 0006 064B     		ldr	r3, .L2+4
  45 0008 D31A     		sub	r3, r2, r3
  46 000a 054A     		ldr	r2, .L2+4
  47 000c 101C     		mov	r0, r2
  48 000e 0021     		mov	r1, #0
  49 0010 1A1C     		mov	r2, r3
  50 0012 FFF7FEFF 		bl	memset
  51              	.LBE2:
 140:../Project_Settings/Startup_Code/__arm_start.c **** 
 141:../Project_Settings/Startup_Code/__arm_start.c **** }
  52              		.loc 1 141 0
  53 0016 BD46     		mov	sp, r7
  54              		@ sp needed for prologue
  55 0018 80BD     		pop	{r7, pc}
  56              	.L3:
  57 001a C046     		.align	2
  58              	.L2:
  59 001c 00000000 		.word	__END_BSS
  60 0020 00000000 		.word	__START_BSS
  61              		.cfi_endproc
  62              	.LFE9:
  64              		.section	.text.__iar_program_start,"ax",%progbits
  65              		.align	2
  66              		.global	__iar_program_start
  67              		.code	16
  68              		.thumb_func
  70              	__iar_program_start:
  71              	.LFB10:
 142:../Project_Settings/Startup_Code/__arm_start.c **** 
 143:../Project_Settings/Startup_Code/__arm_start.c **** 
 144:../Project_Settings/Startup_Code/__arm_start.c **** 
 145:../Project_Settings/Startup_Code/__arm_start.c **** #ifndef __thumb // Thumb version
 146:../Project_Settings/Startup_Code/__arm_start.c **** 
 147:../Project_Settings/Startup_Code/__arm_start.c **** #error Thumb startup
 148:../Project_Settings/Startup_Code/__arm_start.c **** 
 149:../Project_Settings/Startup_Code/__arm_start.c **** #endif
 150:../Project_Settings/Startup_Code/__arm_start.c **** 
 151:../Project_Settings/Startup_Code/__arm_start.c **** 
 152:../Project_Settings/Startup_Code/__arm_start.c **** 
 153:../Project_Settings/Startup_Code/__arm_start.c **** // To keep iar debugger happy
 154:../Project_Settings/Startup_Code/__arm_start.c **** 
 155:../Project_Settings/Startup_Code/__arm_start.c **** void __iar_program_start(void) _EWL_NAKED;
 156:../Project_Settings/Startup_Code/__arm_start.c **** 
 157:../Project_Settings/Startup_Code/__arm_start.c **** _EWL_END_EXTERN_C
 158:../Project_Settings/Startup_Code/__arm_start.c **** 
 159:../Project_Settings/Startup_Code/__arm_start.c **** void __thumb_startup(void);
 160:../Project_Settings/Startup_Code/__arm_start.c **** 
 161:../Project_Settings/Startup_Code/__arm_start.c **** void __iar_program_start()
 162:../Project_Settings/Startup_Code/__arm_start.c **** 
 163:../Project_Settings/Startup_Code/__arm_start.c **** {
  72              		.loc 1 163 0
  73              		.cfi_startproc
 164:../Project_Settings/Startup_Code/__arm_start.c **** 
 165:../Project_Settings/Startup_Code/__arm_start.c **** 	__thumb_startup();
  74              		.loc 1 165 0
  75 0000 FFF7FEFF 		bl	_Z15__thumb_startupv
 166:../Project_Settings/Startup_Code/__arm_start.c **** 
 167:../Project_Settings/Startup_Code/__arm_start.c **** }
  76              		.loc 1 167 0
  77              		.cfi_endproc
  78              	.LFE10:
  80              		.section	.text._Z15__thumb_startupv,"ax",%progbits
  81              		.align	2
  82              		.global	_Z15__thumb_startupv
  83              		.code	16
  84              		.thumb_func
  86              	_Z15__thumb_startupv:
  87              	.LFB11:
 168:../Project_Settings/Startup_Code/__arm_start.c **** 
 169:../Project_Settings/Startup_Code/__arm_start.c **** 
 170:../Project_Settings/Startup_Code/__arm_start.c **** 
 171:../Project_Settings/Startup_Code/__arm_start.c **** 
 172:../Project_Settings/Startup_Code/__arm_start.c **** 
 173:../Project_Settings/Startup_Code/__arm_start.c **** void __thumb_startup(void) _EWL_NAKED;
 174:../Project_Settings/Startup_Code/__arm_start.c **** 
 175:../Project_Settings/Startup_Code/__arm_start.c **** void __thumb_startup(void)
 176:../Project_Settings/Startup_Code/__arm_start.c **** 
 177:../Project_Settings/Startup_Code/__arm_start.c **** {
  88              		.loc 1 177 0
  89              		.cfi_startproc
 178:../Project_Settings/Startup_Code/__arm_start.c **** 
 179:../Project_Settings/Startup_Code/__arm_start.c **** 		// Setup registers
 180:../Project_Settings/Startup_Code/__arm_start.c **** 
 181:../Project_Settings/Startup_Code/__arm_start.c **** 		__init_registers();
  90              		.loc 1 181 0
  91 0000 FFF7FEFF 		bl	__init_registers
 182:../Project_Settings/Startup_Code/__arm_start.c **** 
 183:../Project_Settings/Startup_Code/__arm_start.c **** 
 184:../Project_Settings/Startup_Code/__arm_start.c **** 
 185:../Project_Settings/Startup_Code/__arm_start.c **** 		// setup hardware
 186:../Project_Settings/Startup_Code/__arm_start.c **** 
 187:../Project_Settings/Startup_Code/__arm_start.c **** 		__init_hardware();
  92              		.loc 1 187 0
  93 0004 FFF7FEFF 		bl	__init_hardware
 188:../Project_Settings/Startup_Code/__arm_start.c **** 
 189:../Project_Settings/Startup_Code/__arm_start.c **** 
 190:../Project_Settings/Startup_Code/__arm_start.c **** 
 191:../Project_Settings/Startup_Code/__arm_start.c **** 
 192:../Project_Settings/Startup_Code/__arm_start.c **** 
 193:../Project_Settings/Startup_Code/__arm_start.c **** #if defined(__APCS_ROPI) || defined(__APCS_RWPI)
 194:../Project_Settings/Startup_Code/__arm_start.c **** 
 195:../Project_Settings/Startup_Code/__arm_start.c **** 		//	static base register initialization
 196:../Project_Settings/Startup_Code/__arm_start.c **** 
 197:../Project_Settings/Startup_Code/__arm_start.c **** 		__load_static_base();
 198:../Project_Settings/Startup_Code/__arm_start.c **** 
 199:../Project_Settings/Startup_Code/__arm_start.c **** #endif
 200:../Project_Settings/Startup_Code/__arm_start.c **** 
 201:../Project_Settings/Startup_Code/__arm_start.c **** #if defined(__APCS_RWPI)
 202:../Project_Settings/Startup_Code/__arm_start.c **** 
 203:../Project_Settings/Startup_Code/__arm_start.c **** 		//	-pid
 204:../Project_Settings/Startup_Code/__arm_start.c **** 
 205:../Project_Settings/Startup_Code/__arm_start.c **** 		//	setup static base for SB relative position independent data
 206:../Project_Settings/Startup_Code/__arm_start.c **** 
 207:../Project_Settings/Startup_Code/__arm_start.c **** 		//	perform runtime relocation
 208:../Project_Settings/Startup_Code/__arm_start.c **** 
 209:../Project_Settings/Startup_Code/__arm_start.c **** 		__init_pid();
 210:../Project_Settings/Startup_Code/__arm_start.c **** 
 211:../Project_Settings/Startup_Code/__arm_start.c **** #endif
 212:../Project_Settings/Startup_Code/__arm_start.c **** 
 213:../Project_Settings/Startup_Code/__arm_start.c **** #if defined(__APCS_ROPI)
 214:../Project_Settings/Startup_Code/__arm_start.c **** 
 215:../Project_Settings/Startup_Code/__arm_start.c **** 		//	-pic
 216:../Project_Settings/Startup_Code/__arm_start.c **** 
 217:../Project_Settings/Startup_Code/__arm_start.c **** 		//	perform runtime relocation for position independent code
 218:../Project_Settings/Startup_Code/__arm_start.c **** 
 219:../Project_Settings/Startup_Code/__arm_start.c **** 		__init_pic();
 220:../Project_Settings/Startup_Code/__arm_start.c **** 
 221:../Project_Settings/Startup_Code/__arm_start.c **** #endif
 222:../Project_Settings/Startup_Code/__arm_start.c **** 
 223:../Project_Settings/Startup_Code/__arm_start.c **** 		//	zero-fill the .bss section
 224:../Project_Settings/Startup_Code/__arm_start.c **** 
 225:../Project_Settings/Startup_Code/__arm_start.c **** 		zero_fill_bss();
  94              		.loc 1 225 0
  95 0008 FFF7FEFF 		bl	zero_fill_bss
 226:../Project_Settings/Startup_Code/__arm_start.c **** 
 227:../Project_Settings/Startup_Code/__arm_start.c **** 
 228:../Project_Settings/Startup_Code/__arm_start.c **** 
 229:../Project_Settings/Startup_Code/__arm_start.c **** #if SUPPORT_ROM_TO_RAM
 230:../Project_Settings/Startup_Code/__arm_start.c **** 
 231:../Project_Settings/Startup_Code/__arm_start.c **** 		if (__S_romp != 0L)
 232:../Project_Settings/Startup_Code/__arm_start.c **** 
 233:../Project_Settings/Startup_Code/__arm_start.c **** 			__copy_rom_sections_to_ram();
  96              		.loc 1 233 0
  97 000c FFF7FEFF 		bl	__copy_rom_sections_to_ram
 234:../Project_Settings/Startup_Code/__arm_start.c **** 
 235:../Project_Settings/Startup_Code/__arm_start.c **** #endif
 236:../Project_Settings/Startup_Code/__arm_start.c **** 
 237:../Project_Settings/Startup_Code/__arm_start.c **** 
 238:../Project_Settings/Startup_Code/__arm_start.c **** 
 239:../Project_Settings/Startup_Code/__arm_start.c **** 
 240:../Project_Settings/Startup_Code/__arm_start.c **** 
 241:../Project_Settings/Startup_Code/__arm_start.c **** 		//      initialize the floating-point library
 242:../Project_Settings/Startup_Code/__arm_start.c **** 
 243:../Project_Settings/Startup_Code/__arm_start.c **** #ifdef __VFPV4__
 244:../Project_Settings/Startup_Code/__arm_start.c **** 
 245:../Project_Settings/Startup_Code/__arm_start.c **** 		__fp_init();
 246:../Project_Settings/Startup_Code/__arm_start.c **** 
 247:../Project_Settings/Startup_Code/__arm_start.c **** #endif
 248:../Project_Settings/Startup_Code/__arm_start.c **** 
 249:../Project_Settings/Startup_Code/__arm_start.c **** 
 250:../Project_Settings/Startup_Code/__arm_start.c **** 
 251:../Project_Settings/Startup_Code/__arm_start.c **** 		//	call C++ static initializers
 252:../Project_Settings/Startup_Code/__arm_start.c **** 
 253:../Project_Settings/Startup_Code/__arm_start.c **** 		__call_static_initializers();
  98              		.loc 1 253 0
  99 0010 FFF7FEFF 		bl	__init_cpp
 254:../Project_Settings/Startup_Code/__arm_start.c **** 
 255:../Project_Settings/Startup_Code/__arm_start.c **** 
 256:../Project_Settings/Startup_Code/__arm_start.c **** 
 257:../Project_Settings/Startup_Code/__arm_start.c **** 		// initializations before main, user specific
 258:../Project_Settings/Startup_Code/__arm_start.c **** 
 259:../Project_Settings/Startup_Code/__arm_start.c **** 		__init_user();
 100              		.loc 1 259 0
 101 0014 FFF7FEFF 		bl	__init_user
 260:../Project_Settings/Startup_Code/__arm_start.c **** 
 261:../Project_Settings/Startup_Code/__arm_start.c **** 
 262:../Project_Settings/Startup_Code/__arm_start.c **** 
 263:../Project_Settings/Startup_Code/__arm_start.c **** #if defined(__SEMIHOSTING)
 264:../Project_Settings/Startup_Code/__arm_start.c **** 
 265:../Project_Settings/Startup_Code/__arm_start.c **** 		// semihost initializations
 266:../Project_Settings/Startup_Code/__arm_start.c **** 
 267:../Project_Settings/Startup_Code/__arm_start.c **** 		__init_semihost();
 268:../Project_Settings/Startup_Code/__arm_start.c **** 
 269:../Project_Settings/Startup_Code/__arm_start.c **** #endif
 270:../Project_Settings/Startup_Code/__arm_start.c **** 
 271:../Project_Settings/Startup_Code/__arm_start.c **** 
 272:../Project_Settings/Startup_Code/__arm_start.c **** 
 273:../Project_Settings/Startup_Code/__arm_start.c **** 		//	call main(argc, &argv)
 274:../Project_Settings/Startup_Code/__arm_start.c **** 
 275:../Project_Settings/Startup_Code/__arm_start.c **** #if SUPPORT_SEMIHOST_ARGC_ARGV
 276:../Project_Settings/Startup_Code/__arm_start.c **** 
 277:../Project_Settings/Startup_Code/__arm_start.c **** 		exit(main(__argc_argv(argv, __MAX_CMDLINE_ARGS), argv));
 278:../Project_Settings/Startup_Code/__arm_start.c **** 
 279:../Project_Settings/Startup_Code/__arm_start.c **** #else
 280:../Project_Settings/Startup_Code/__arm_start.c **** 
 281:../Project_Settings/Startup_Code/__arm_start.c **** 		exit(main(0, argv));
 102              		.loc 1 281 0
 103 0018 044B     		ldr	r3, .L6
 104 001a 0020     		mov	r0, #0
 105 001c 191C     		mov	r1, r3
 106 001e FFF7FEFF 		bl	main
 107 0022 031C     		mov	r3, r0
 108 0024 181C     		mov	r0, r3
 109 0026 FFF7FEFF 		bl	exit
 110              	.L7:
 111 002a C046     		.align	2
 112              	.L6:
 113 002c 00000000 		.word	_ZL4argv
 114              		.cfi_endproc
 115              	.LFE11:
 117              		.text
 118              	.Letext0:
DEFINED SYMBOLS
                            *ABS*:00000000 __arm_start.c
C:\Users\Judah\AppData\Local\Temp\ccsEFAhV.s:18     .bss._ZL4argv:00000000 $d
C:\Users\Judah\AppData\Local\Temp\ccsEFAhV.s:21     .bss._ZL4argv:00000000 _ZL4argv
C:\Users\Judah\AppData\Local\Temp\ccsEFAhV.s:24     .text.zero_fill_bss:00000000 $t
C:\Users\Judah\AppData\Local\Temp\ccsEFAhV.s:28     .text.zero_fill_bss:00000000 zero_fill_bss
C:\Users\Judah\AppData\Local\Temp\ccsEFAhV.s:59     .text.zero_fill_bss:0000001c $d
C:\Users\Judah\AppData\Local\Temp\ccsEFAhV.s:65     .text.__iar_program_start:00000000 $t
C:\Users\Judah\AppData\Local\Temp\ccsEFAhV.s:70     .text.__iar_program_start:00000000 __iar_program_start
C:\Users\Judah\AppData\Local\Temp\ccsEFAhV.s:86     .text._Z15__thumb_startupv:00000000 _Z15__thumb_startupv
C:\Users\Judah\AppData\Local\Temp\ccsEFAhV.s:81     .text._Z15__thumb_startupv:00000000 $t
C:\Users\Judah\AppData\Local\Temp\ccsEFAhV.s:113    .text._Z15__thumb_startupv:0000002c $d
                     .debug_frame:00000010 $d

UNDEFINED SYMBOLS
memset
__END_BSS
__START_BSS
__init_registers
__init_hardware
__copy_rom_sections_to_ram
__init_cpp
__init_user
main
exit
