   1              		.cpu cortex-m0
   2              		.fpu softvfp
   3              		.eabi_attribute 20, 1
   4              		.eabi_attribute 21, 1
   5              		.eabi_attribute 23, 3
   6              		.eabi_attribute 24, 1
   7              		.eabi_attribute 25, 1
   8              		.eabi_attribute 26, 1
   9              		.eabi_attribute 30, 6
  10              		.eabi_attribute 34, 0
  11              		.eabi_attribute 18, 4
  12              		.code	16
  13              		.file	"PE_LDD.c"
  14              		.text
  15              	.Ltext0:
  16              		.cfi_sections	.debug_frame
  17              		.global	PE_LDD_DeviceDataList
  18              		.section	.bss.PE_LDD_DeviceDataList,"aw",%nobits
  19              		.align	2
  22              	PE_LDD_DeviceDataList:
  23 0000 00000000 		.space	24
  23      00000000 
  23      00000000 
  23      00000000 
  23      00000000 
  24              		.global	PE_CpuClockConfigurations
  25              		.section	.rodata.PE_CpuClockConfigurations,"a",%progbits
  26              		.align	2
  29              	PE_CpuClockConfigurations:
  30 0000 006CDC02 		.word	48000000
  31 0004 00366E01 		.word	24000000
  32 0008 00000000 		.word	0
  33 000c 00000000 		.word	0
  34 0010 00000000 		.word	0
  35 0014 006CDC02 		.word	48000000
  36 0018 00800000 		.word	32768
  37 001c 00127A00 		.word	8000000
  38 0020 E8030000 		.word	1000
  39 0024 093D0000 		.word	15625
  40              		.section	.text._Z13PE_FillMemoryPvhm,"ax",%progbits
  41              		.align	2
  42              		.global	_Z13PE_FillMemoryPvhm
  43              		.code	16
  44              		.thumb_func
  46              	_Z13PE_FillMemoryPvhm:
  47              	.LFB5:
  48              		.file 1 "../Generated_Code/PE_LDD.c"
   1:../Generated_Code/PE_LDD.c **** /** ###################################################################
   2:../Generated_Code/PE_LDD.c **** **     THIS COMPONENT MODULE IS GENERATED BY THE TOOL. DO NOT MODIFY IT.
   3:../Generated_Code/PE_LDD.c **** **     Filename    : PE_LDD.c
   4:../Generated_Code/PE_LDD.c **** **     Project     : ProcessorExpert
   5:../Generated_Code/PE_LDD.c **** **     Processor   : MKL25Z128VLK4
   6:../Generated_Code/PE_LDD.c **** **     Version     : Component 01.025, Driver 01.04, CPU db: 3.00.000
   7:../Generated_Code/PE_LDD.c **** **     Compiler    : GNU C Compiler
   8:../Generated_Code/PE_LDD.c **** **     Date/Time   : 2014-04-05, 15:28, # CodeGen: 4
   9:../Generated_Code/PE_LDD.c **** **     Abstract    :
  10:../Generated_Code/PE_LDD.c **** **
  11:../Generated_Code/PE_LDD.c **** **     Settings    :
  12:../Generated_Code/PE_LDD.c **** **
  13:../Generated_Code/PE_LDD.c **** **
  14:../Generated_Code/PE_LDD.c **** **     Copyright : 1997 - 2013 Freescale Semiconductor, Inc. All Rights Reserved.
  15:../Generated_Code/PE_LDD.c **** **     SOURCE DISTRIBUTION PERMISSIBLE as directed in End User License Agreement.
  16:../Generated_Code/PE_LDD.c **** **     
  17:../Generated_Code/PE_LDD.c **** **     http      : www.freescale.com
  18:../Generated_Code/PE_LDD.c **** **     mail      : support@freescale.com
  19:../Generated_Code/PE_LDD.c **** ** ###################################################################*/
  20:../Generated_Code/PE_LDD.c **** /*!
  21:../Generated_Code/PE_LDD.c **** ** @file PE_LDD.c                                                  
  22:../Generated_Code/PE_LDD.c **** ** @version 01.04
  23:../Generated_Code/PE_LDD.c **** ** @brief
  24:../Generated_Code/PE_LDD.c **** **
  25:../Generated_Code/PE_LDD.c **** */         
  26:../Generated_Code/PE_LDD.c **** /*!
  27:../Generated_Code/PE_LDD.c **** **  @addtogroup PE_LDD_module PE_LDD module documentation
  28:../Generated_Code/PE_LDD.c **** **  @{
  29:../Generated_Code/PE_LDD.c **** */         
  30:../Generated_Code/PE_LDD.c **** 
  31:../Generated_Code/PE_LDD.c **** /* MODULE PE_LDD. */
  32:../Generated_Code/PE_LDD.c **** 
  33:../Generated_Code/PE_LDD.c **** #include "FreeRTOS.h" /* FreeRTOS interface */
  34:../Generated_Code/PE_LDD.c **** /* {FreeRTOS RTOS Adapter} No RTOS driver includes */
  35:../Generated_Code/PE_LDD.c **** 
  36:../Generated_Code/PE_LDD.c **** #include "PE_LDD.h"
  37:../Generated_Code/PE_LDD.c **** #include "Cpu.h"
  38:../Generated_Code/PE_LDD.c **** 
  39:../Generated_Code/PE_LDD.c **** /*lint -esym(765,PE_PeripheralUsed,LDD_SetClockConfiguration,PE_CpuClockConfigurations,PE_FillMemor
  40:../Generated_Code/PE_LDD.c **** 
  41:../Generated_Code/PE_LDD.c **** /*
  42:../Generated_Code/PE_LDD.c **** ** ===========================================================================
  43:../Generated_Code/PE_LDD.c **** ** Array of initialized device structures of LDD components.
  44:../Generated_Code/PE_LDD.c **** ** ===========================================================================
  45:../Generated_Code/PE_LDD.c **** */
  46:../Generated_Code/PE_LDD.c **** LDD_TDeviceData *PE_LDD_DeviceDataList[6] = {
  47:../Generated_Code/PE_LDD.c ****     NULL,
  48:../Generated_Code/PE_LDD.c ****     NULL,
  49:../Generated_Code/PE_LDD.c ****     NULL,
  50:../Generated_Code/PE_LDD.c ****     NULL,
  51:../Generated_Code/PE_LDD.c ****     NULL,
  52:../Generated_Code/PE_LDD.c ****     NULL
  53:../Generated_Code/PE_LDD.c ****   };
  54:../Generated_Code/PE_LDD.c **** 
  55:../Generated_Code/PE_LDD.c **** /*
  56:../Generated_Code/PE_LDD.c **** ** ===========================================================================
  57:../Generated_Code/PE_LDD.c **** ** The array of clock frequencies in configured clock configurations.
  58:../Generated_Code/PE_LDD.c **** ** ===========================================================================
  59:../Generated_Code/PE_LDD.c **** */
  60:../Generated_Code/PE_LDD.c **** /*! The array of clock configurations (frequencies) configured in configured clock configurations o
  61:../Generated_Code/PE_LDD.c **** const TCpuClockConfiguration PE_CpuClockConfigurations[CPU_CLOCK_CONFIG_NUMBER] = {
  62:../Generated_Code/PE_LDD.c ****   /* Clock configuration 0 */
  63:../Generated_Code/PE_LDD.c ****   {
  64:../Generated_Code/PE_LDD.c ****     CPU_CORE_CLK_HZ_CONFIG_0,          /*!< Core clock frequency in clock configuration 0 */
  65:../Generated_Code/PE_LDD.c ****     CPU_BUS_CLK_HZ_CONFIG_0,           /*!< Bus clock frequency in clock configuration 0 */
  66:../Generated_Code/PE_LDD.c ****     CPU_FLEXBUS_CLK_HZ_CONFIG_0,       /*!< Flexbus clock frequency in clock configuration 0 */
  67:../Generated_Code/PE_LDD.c ****     CPU_FLASH_CLK_HZ_CONFIG_0,         /*!< FLASH clock frequency in clock configuration 0 */
  68:../Generated_Code/PE_LDD.c ****     CPU_USB_CLK_HZ_CONFIG_0,           /*!< USB clock frequency in clock configuration 0 */
  69:../Generated_Code/PE_LDD.c ****     CPU_PLL_FLL_CLK_HZ_CONFIG_0,       /*!< PLL/FLL clock frequency in clock configuration 0 */
  70:../Generated_Code/PE_LDD.c ****     CPU_MCGIR_CLK_HZ_CONFIG_0,         /*!< MCG internal reference clock frequency in clock configu
  71:../Generated_Code/PE_LDD.c ****     CPU_OSCER_CLK_HZ_CONFIG_0,         /*!< System OSC external reference clock frequency in clock 
  72:../Generated_Code/PE_LDD.c ****     CPU_ERCLK32K_CLK_HZ_CONFIG_0,      /*!< External reference clock 32k frequency in clock configu
  73:../Generated_Code/PE_LDD.c ****     CPU_MCGFF_CLK_HZ_CONFIG_0          /*!< MCG fixed frequency clock */
  74:../Generated_Code/PE_LDD.c ****   }
  75:../Generated_Code/PE_LDD.c **** };
  76:../Generated_Code/PE_LDD.c **** 
  77:../Generated_Code/PE_LDD.c **** /*
  78:../Generated_Code/PE_LDD.c **** ** ===================================================================
  79:../Generated_Code/PE_LDD.c **** **     Method      :  Cpu_PE_FillMemory (component MKL25Z128LK4)
  80:../Generated_Code/PE_LDD.c **** */
  81:../Generated_Code/PE_LDD.c **** /*!
  82:../Generated_Code/PE_LDD.c **** **     @brief
  83:../Generated_Code/PE_LDD.c **** **         Fills a memory area block by a specified value.
  84:../Generated_Code/PE_LDD.c **** **     @param
  85:../Generated_Code/PE_LDD.c **** **       SourceAddressPtr - Source address pointer.
  86:../Generated_Code/PE_LDD.c **** **     @param
  87:../Generated_Code/PE_LDD.c **** **       c - A value used to fill a memory block.
  88:../Generated_Code/PE_LDD.c **** **     @param
  89:../Generated_Code/PE_LDD.c **** **       len - Length of a memory block to fill.
  90:../Generated_Code/PE_LDD.c **** */
  91:../Generated_Code/PE_LDD.c **** /* ===================================================================*/
  92:../Generated_Code/PE_LDD.c **** void PE_FillMemory(register void* SourceAddressPtr, register uint8_t c, register uint32_t len)
  93:../Generated_Code/PE_LDD.c **** {
  49              		.loc 1 93 0
  50              		.cfi_startproc
  51 0000 90B5     		push	{r4, r7, lr}
  52              	.LCFI0:
  53              		.cfi_def_cfa_offset 12
  54              		.cfi_offset 4, -12
  55              		.cfi_offset 7, -8
  56              		.cfi_offset 14, -4
  57 0002 00AF     		add	r7, sp, #0
  58              	.LCFI1:
  59              		.cfi_def_cfa_register 7
  60 0004 131C     		mov	r3, r2
  61              	.LBB2:
  94:../Generated_Code/PE_LDD.c ****   register uint8_t *ptr = (uint8_t*)SourceAddressPtr;
  62              		.loc 1 94 0
  63 0006 041C     		mov	r4, r0
  95:../Generated_Code/PE_LDD.c **** 
  96:../Generated_Code/PE_LDD.c ****   if (len > 0U) {
  64              		.loc 1 96 0
  65 0008 002B     		cmp	r3, #0
  66 000a 0AD0     		beq	.L1
  97:../Generated_Code/PE_LDD.c ****     while (len--) {
  67              		.loc 1 97 0
  68 000c 02E0     		b	.L3
  69              	.L4:
  98:../Generated_Code/PE_LDD.c ****       *ptr++ = c;
  70              		.loc 1 98 0
  71 000e 0A1C     		add	r2, r1, #0
  72 0010 2270     		strb	r2, [r4]
  73 0012 0134     		add	r4, r4, #1
  74              	.L3:
  97:../Generated_Code/PE_LDD.c ****     while (len--) {
  75              		.loc 1 97 0
  76 0014 1A1C     		mov	r2, r3
  77 0016 501E     		sub	r0, r2, #1
  78 0018 8241     		sbc	r2, r2, r0
  79 001a D2B2     		uxtb	r2, r2
  80 001c 013B     		sub	r3, r3, #1
  81 001e 002A     		cmp	r2, #0
  82 0020 F5D1     		bne	.L4
  83              	.L1:
  84              	.LBE2:
  99:../Generated_Code/PE_LDD.c ****     }
 100:../Generated_Code/PE_LDD.c ****   }
 101:../Generated_Code/PE_LDD.c **** }
  85              		.loc 1 101 0
  86 0022 BD46     		mov	sp, r7
  87              		@ sp needed for prologue
  88 0024 90BD     		pop	{r4, r7, pc}
  89              		.cfi_endproc
  90              	.LFE5:
  92 0026 C046     		.section	.text._Z17PE_PeripheralUsedm,"ax",%progbits
  93              		.align	2
  94              		.global	_Z17PE_PeripheralUsedm
  95              		.code	16
  96              		.thumb_func
  98              	_Z17PE_PeripheralUsedm:
  99              	.LFB6:
 102:../Generated_Code/PE_LDD.c **** 
 103:../Generated_Code/PE_LDD.c **** /*
 104:../Generated_Code/PE_LDD.c **** ** ===================================================================
 105:../Generated_Code/PE_LDD.c **** **     Method      :  Cpu_PE_PeripheralUsed (component MKL25Z128LK4)
 106:../Generated_Code/PE_LDD.c **** */
 107:../Generated_Code/PE_LDD.c **** /*!
 108:../Generated_Code/PE_LDD.c **** **     @brief
 109:../Generated_Code/PE_LDD.c **** **         Returns information whether a peripheral is allocated by PEx 
 110:../Generated_Code/PE_LDD.c **** **         or not.
 111:../Generated_Code/PE_LDD.c **** **     @param
 112:../Generated_Code/PE_LDD.c **** **       PrphBaseAddress - Base address of a peripheral.
 113:../Generated_Code/PE_LDD.c **** **     @return
 114:../Generated_Code/PE_LDD.c **** **       TRUE if a peripheral is used by PEx or FALSE if it isn't used.
 115:../Generated_Code/PE_LDD.c **** */
 116:../Generated_Code/PE_LDD.c **** /* ===================================================================*/
 117:../Generated_Code/PE_LDD.c **** bool PE_PeripheralUsed(uint32_t PrphBaseAddress)
 118:../Generated_Code/PE_LDD.c **** {
 100              		.loc 1 118 0
 101              		.cfi_startproc
 102 0000 80B5     		push	{r7, lr}
 103              	.LCFI2:
 104              		.cfi_def_cfa_offset 8
 105              		.cfi_offset 7, -8
 106              		.cfi_offset 14, -4
 107 0002 84B0     		sub	sp, sp, #16
 108              	.LCFI3:
 109              		.cfi_def_cfa_offset 24
 110 0004 00AF     		add	r7, sp, #0
 111              	.LCFI4:
 112              		.cfi_def_cfa_register 7
 113 0006 7860     		str	r0, [r7, #4]
 114              	.LBB3:
 119:../Generated_Code/PE_LDD.c ****   bool result = FALSE;
 115              		.loc 1 119 0
 116 0008 3B1C     		mov	r3, r7
 117 000a 0F33     		add	r3, r3, #15
 118 000c 0022     		mov	r2, #0
 119 000e 1A70     		strb	r2, [r3]
 120:../Generated_Code/PE_LDD.c **** 
 121:../Generated_Code/PE_LDD.c ****   switch (PrphBaseAddress) {
 120              		.loc 1 121 0
 121 0010 7B68     		ldr	r3, [r7, #4]
 122 0012 0B4A     		ldr	r2, .L11
 123 0014 9342     		cmp	r3, r2
 124 0016 05D0     		beq	.L7
 125 0018 0A4A     		ldr	r2, .L11+4
 126 001a 9342     		cmp	r3, r2
 127 001c 02D0     		beq	.L7
 128 001e 0A4A     		ldr	r2, .L11+8
 129 0020 9342     		cmp	r3, r2
 130 0022 04D1     		bne	.L10
 131              	.L7:
 122:../Generated_Code/PE_LDD.c ****     /* Base address allocated by peripheral(s) I2C0 */
 123:../Generated_Code/PE_LDD.c ****     case 0x40066000UL:
 124:../Generated_Code/PE_LDD.c ****     /* Base address allocated by peripheral(s) TPM0 */
 125:../Generated_Code/PE_LDD.c ****     case 0x40038000UL:
 126:../Generated_Code/PE_LDD.c ****     /* Base address allocated by peripheral(s) TPM2 */
 127:../Generated_Code/PE_LDD.c ****     case 0x4003A000UL:
 128:../Generated_Code/PE_LDD.c ****       result = TRUE;
 132              		.loc 1 128 0
 133 0024 3B1C     		mov	r3, r7
 134 0026 0F33     		add	r3, r3, #15
 135 0028 0122     		mov	r2, #1
 136 002a 1A70     		strb	r2, [r3]
 129:../Generated_Code/PE_LDD.c ****       break;
 137              		.loc 1 129 0
 138 002c 00E0     		b	.L8
 139              	.L10:
 130:../Generated_Code/PE_LDD.c ****     default:
 131:../Generated_Code/PE_LDD.c ****       break;
 140              		.loc 1 131 0
 141 002e C046     		mov	r8, r8
 142              	.L8:
 132:../Generated_Code/PE_LDD.c ****   }
 133:../Generated_Code/PE_LDD.c ****   return result;
 143              		.loc 1 133 0
 144 0030 3B1C     		mov	r3, r7
 145 0032 0F33     		add	r3, r3, #15
 146 0034 1B78     		ldrb	r3, [r3]
 147              	.LBE3:
 134:../Generated_Code/PE_LDD.c **** }
 148              		.loc 1 134 0
 149 0036 181C     		mov	r0, r3
 150 0038 BD46     		mov	sp, r7
 151 003a 04B0     		add	sp, sp, #16
 152              		@ sp needed for prologue
 153 003c 80BD     		pop	{r7, pc}
 154              	.L12:
 155 003e C046     		.align	2
 156              	.L11:
 157 0040 00A00340 		.word	1073979392
 158 0044 00600640 		.word	1074159616
 159 0048 00800340 		.word	1073971200
 160              		.cfi_endproc
 161              	.LFE6:
 163              		.section	.text._Z25LDD_SetClockConfigurationh,"ax",%progbits
 164              		.align	2
 165              		.global	_Z25LDD_SetClockConfigurationh
 166              		.code	16
 167              		.thumb_func
 169              	_Z25LDD_SetClockConfigurationh:
 170              	.LFB7:
 135:../Generated_Code/PE_LDD.c **** 
 136:../Generated_Code/PE_LDD.c **** /*
 137:../Generated_Code/PE_LDD.c **** ** ===================================================================
 138:../Generated_Code/PE_LDD.c **** **     Method      :  Cpu_LDD_SetClockConfiguration (component MKL25Z128LK4)
 139:../Generated_Code/PE_LDD.c **** */
 140:../Generated_Code/PE_LDD.c **** /*!
 141:../Generated_Code/PE_LDD.c **** **     @brief
 142:../Generated_Code/PE_LDD.c **** **         Changes the clock configuration of all LDD components in a 
 143:../Generated_Code/PE_LDD.c **** **         project.
 144:../Generated_Code/PE_LDD.c **** **     @param
 145:../Generated_Code/PE_LDD.c **** **       ClockConfiguration - New CPU clock configuration changed by CPU SetClockConfiguration meth
 146:../Generated_Code/PE_LDD.c **** */
 147:../Generated_Code/PE_LDD.c **** /* ===================================================================*/
 148:../Generated_Code/PE_LDD.c **** void LDD_SetClockConfiguration(LDD_TClockConfiguration ClockConfiguration)
 149:../Generated_Code/PE_LDD.c **** {
 171              		.loc 1 149 0
 172              		.cfi_startproc
 173 0000 80B5     		push	{r7, lr}
 174              	.LCFI5:
 175              		.cfi_def_cfa_offset 8
 176              		.cfi_offset 7, -8
 177              		.cfi_offset 14, -4
 178 0002 82B0     		sub	sp, sp, #8
 179              	.LCFI6:
 180              		.cfi_def_cfa_offset 16
 181 0004 00AF     		add	r7, sp, #0
 182              	.LCFI7:
 183              		.cfi_def_cfa_register 7
 184 0006 021C     		mov	r2, r0
 185 0008 FB1D     		add	r3, r7, #7
 186 000a 1A70     		strb	r2, [r3]
 150:../Generated_Code/PE_LDD.c ****   (void)ClockConfiguration;            /*!< Parameter is not used, suppress unused argument warning
 151:../Generated_Code/PE_LDD.c ****   /* Just one clock configuration defined in CPU component. */
 152:../Generated_Code/PE_LDD.c **** }
 187              		.loc 1 152 0
 188 000c BD46     		mov	sp, r7
 189 000e 02B0     		add	sp, sp, #8
 190              		@ sp needed for prologue
 191 0010 80BD     		pop	{r7, pc}
 192              		.cfi_endproc
 193              	.LFE7:
 195 0012 C046     		.text
 196              	.Letext0:
 197              		.file 2 "C:/Freescale/CW MCU v10.6/MCU/ARM_GCC_Support/ewl/EWL_C/include/cstdint"
 198              		.file 3 "../Generated_Code/PE_Types.h"
 199              		.file 4 "../Generated_Code/Cpu.h"
DEFINED SYMBOLS
                            *ABS*:00000000 PE_LDD.c
C:\Users\Judah\AppData\Local\Temp\ccY6ADS8.s:22     .bss.PE_LDD_DeviceDataList:00000000 PE_LDD_DeviceDataList
C:\Users\Judah\AppData\Local\Temp\ccY6ADS8.s:19     .bss.PE_LDD_DeviceDataList:00000000 $d
C:\Users\Judah\AppData\Local\Temp\ccY6ADS8.s:29     .rodata.PE_CpuClockConfigurations:00000000 PE_CpuClockConfigurations
C:\Users\Judah\AppData\Local\Temp\ccY6ADS8.s:26     .rodata.PE_CpuClockConfigurations:00000000 $d
C:\Users\Judah\AppData\Local\Temp\ccY6ADS8.s:41     .text._Z13PE_FillMemoryPvhm:00000000 $t
C:\Users\Judah\AppData\Local\Temp\ccY6ADS8.s:46     .text._Z13PE_FillMemoryPvhm:00000000 _Z13PE_FillMemoryPvhm
C:\Users\Judah\AppData\Local\Temp\ccY6ADS8.s:93     .text._Z17PE_PeripheralUsedm:00000000 $t
C:\Users\Judah\AppData\Local\Temp\ccY6ADS8.s:98     .text._Z17PE_PeripheralUsedm:00000000 _Z17PE_PeripheralUsedm
C:\Users\Judah\AppData\Local\Temp\ccY6ADS8.s:157    .text._Z17PE_PeripheralUsedm:00000040 $d
C:\Users\Judah\AppData\Local\Temp\ccY6ADS8.s:164    .text._Z25LDD_SetClockConfigurationh:00000000 $t
C:\Users\Judah\AppData\Local\Temp\ccY6ADS8.s:169    .text._Z25LDD_SetClockConfigurationh:00000000 _Z25LDD_SetClockConfigurationh
                     .debug_frame:00000010 $d

NO UNDEFINED SYMBOLS
