   1              		.cpu cortex-m0
   2              		.fpu softvfp
   3              		.eabi_attribute 20, 1
   4              		.eabi_attribute 21, 1
   5              		.eabi_attribute 23, 3
   6              		.eabi_attribute 24, 1
   7              		.eabi_attribute 25, 1
   8              		.eabi_attribute 26, 1
   9              		.eabi_attribute 30, 6
  10              		.eabi_attribute 34, 0
  11              		.eabi_attribute 18, 4
  12              		.code	16
  13              		.file	"WAIT0.c"
  14              		.text
  15              	.Ltext0:
  16              		.cfi_sections	.debug_frame
  17              		.section	.text.WAIT0_Wait10Cycles,"ax",%progbits
  18              		.align	2
  19              		.global	WAIT0_Wait10Cycles
  20              		.code	16
  21              		.thumb_func
  23              	WAIT0_Wait10Cycles:
  24              	.LFB0:
  25              		.file 1 "../Generated_Code/WAIT0.c"
   1:../Generated_Code/WAIT0.c **** /* ###################################################################
   2:../Generated_Code/WAIT0.c **** **     THIS COMPONENT MODULE IS GENERATED BY THE TOOL. DO NOT MODIFY IT.
   3:../Generated_Code/WAIT0.c **** **     Filename    : WAIT0.c
   4:../Generated_Code/WAIT0.c **** **     Project     : ProcessorExpert
   5:../Generated_Code/WAIT0.c **** **     Processor   : MKL25Z128VLK4
   6:../Generated_Code/WAIT0.c **** **     Component   : Wait
   7:../Generated_Code/WAIT0.c **** **     Version     : Component 01.064, Driver 01.00, CPU db: 3.00.000
   8:../Generated_Code/WAIT0.c **** **     Compiler    : GNU C Compiler
   9:../Generated_Code/WAIT0.c **** **     Date/Time   : 2014-04-05, 15:28, # CodeGen: 4
  10:../Generated_Code/WAIT0.c **** **     Abstract    :
  11:../Generated_Code/WAIT0.c **** **          Implements busy waiting routines.
  12:../Generated_Code/WAIT0.c **** **     Settings    :
  13:../Generated_Code/WAIT0.c **** **          Component name                                 : WAIT0
  14:../Generated_Code/WAIT0.c **** **          Manual Clock Values                            : Disabled
  15:../Generated_Code/WAIT0.c **** **          Delay100usFunction                             : Delay100US
  16:../Generated_Code/WAIT0.c **** **          RTOS                                           : Disabled
  17:../Generated_Code/WAIT0.c **** **          Watchdog                                       : Disabled
  18:../Generated_Code/WAIT0.c **** **     Contents    :
  19:../Generated_Code/WAIT0.c **** **         Wait10Cycles   - void WAIT0_Wait10Cycles(void);
  20:../Generated_Code/WAIT0.c **** **         Wait100Cycles  - void WAIT0_Wait100Cycles(void);
  21:../Generated_Code/WAIT0.c **** **         WaitCycles     - void WAIT0_WaitCycles(word cycles);
  22:../Generated_Code/WAIT0.c **** **         WaitLongCycles - void WAIT0_WaitLongCycles(dword cycles);
  23:../Generated_Code/WAIT0.c **** **         Waitms         - void WAIT0_Waitms(word ms);
  24:../Generated_Code/WAIT0.c **** **         Waitus         - void WAIT0_Waitus(word us);
  25:../Generated_Code/WAIT0.c **** **         Waitns         - void WAIT0_Waitns(word ns);
  26:../Generated_Code/WAIT0.c **** **         WaitOSms       - void WAIT0_WaitOSms(void);
  27:../Generated_Code/WAIT0.c **** **
  28:../Generated_Code/WAIT0.c **** **     License   : Open Source (LGPL)
  29:../Generated_Code/WAIT0.c **** **     Copyright : Erich Styger, 2013, all rights reserved.
  30:../Generated_Code/WAIT0.c **** **     Web       : www.mcuoneclipse.com
  31:../Generated_Code/WAIT0.c **** **     This an open source software implementing waiting routines using Processor Expert.
  32:../Generated_Code/WAIT0.c **** **     This is a free software and is opened for education,  research  and commercial developments 
  33:../Generated_Code/WAIT0.c **** **     * This is a free software and there is NO WARRANTY.
  34:../Generated_Code/WAIT0.c **** **     * No restriction on use. You can use, modify and redistribute it for personal, non-profit or
  35:../Generated_Code/WAIT0.c **** **     * Redistributions of source code must retain the above copyright notice.
  36:../Generated_Code/WAIT0.c **** ** ###################################################################*/
  37:../Generated_Code/WAIT0.c **** /*!
  38:../Generated_Code/WAIT0.c **** ** @file WAIT0.c
  39:../Generated_Code/WAIT0.c **** ** @version 01.00
  40:../Generated_Code/WAIT0.c **** ** @brief
  41:../Generated_Code/WAIT0.c **** **          Implements busy waiting routines.
  42:../Generated_Code/WAIT0.c **** */         
  43:../Generated_Code/WAIT0.c **** /*!
  44:../Generated_Code/WAIT0.c **** **  @addtogroup WAIT0_module WAIT0 module documentation
  45:../Generated_Code/WAIT0.c **** **  @{
  46:../Generated_Code/WAIT0.c **** */         
  47:../Generated_Code/WAIT0.c **** 
  48:../Generated_Code/WAIT0.c **** /* MODULE WAIT0. */
  49:../Generated_Code/WAIT0.c **** 
  50:../Generated_Code/WAIT0.c **** #include "WAIT0.h"
  51:../Generated_Code/WAIT0.c **** 
  52:../Generated_Code/WAIT0.c **** 
  53:../Generated_Code/WAIT0.c **** /*
  54:../Generated_Code/WAIT0.c **** ** ===================================================================
  55:../Generated_Code/WAIT0.c **** **     Method      :  WAIT0_Wait10Cycles (component Wait)
  56:../Generated_Code/WAIT0.c **** **     Description :
  57:../Generated_Code/WAIT0.c **** **         Wait for 10 CPU cycles.
  58:../Generated_Code/WAIT0.c **** **     Parameters  : None
  59:../Generated_Code/WAIT0.c **** **     Returns     : Nothing
  60:../Generated_Code/WAIT0.c **** ** ===================================================================
  61:../Generated_Code/WAIT0.c **** */
  62:../Generated_Code/WAIT0.c **** __attribute__((naked)) void WAIT0_Wait10Cycles(void)
  63:../Generated_Code/WAIT0.c **** {
  26              		.loc 1 63 0
  27              		.cfi_startproc
  64:../Generated_Code/WAIT0.c ****   /* This function will wait 10 CPU cycles (including call overhead). */
  65:../Generated_Code/WAIT0.c ****   /* NOTE: Cortex-M0 and M4 have 1 cycle for a NOP */
  66:../Generated_Code/WAIT0.c ****   /* Compiler is GNUC */
  67:../Generated_Code/WAIT0.c ****   asm (
  68:../Generated_Code/WAIT0.c ****    /* bl Wai10Cycles() to here: [4] */
  69:../Generated_Code/WAIT0.c ****    "nop   \n\t" /* [1] */
  70:../Generated_Code/WAIT0.c ****    "nop   \n\t" /* [1] */
  71:../Generated_Code/WAIT0.c ****    "nop   \n\t" /* [1] */
  72:../Generated_Code/WAIT0.c ****    "bx lr \n\t" /* [3] */
  73:../Generated_Code/WAIT0.c ****   );
  28              		.loc 1 73 0
  29              	@ 73 "../Generated_Code/WAIT0.c" 1
  30 0000 C046     		nop   
  31 0002 C046     		nop   
  32 0004 C046     		nop   
  33 0006 7047     		bx lr 
  34              		
  35              	@ 0 "" 2
  74:../Generated_Code/WAIT0.c **** }
  36              		.loc 1 74 0
  37              		.code	16
  38              		.cfi_endproc
  39              	.LFE0:
  41              		.section	.text.WAIT0_Wait100Cycles,"ax",%progbits
  42              		.align	2
  43              		.global	WAIT0_Wait100Cycles
  44              		.code	16
  45              		.thumb_func
  47              	WAIT0_Wait100Cycles:
  48              	.LFB1:
  75:../Generated_Code/WAIT0.c **** 
  76:../Generated_Code/WAIT0.c **** /*
  77:../Generated_Code/WAIT0.c **** ** ===================================================================
  78:../Generated_Code/WAIT0.c **** **     Method      :  WAIT0_Wait100Cycles (component Wait)
  79:../Generated_Code/WAIT0.c **** **     Description :
  80:../Generated_Code/WAIT0.c **** **         Wait for 100 CPU cycles.
  81:../Generated_Code/WAIT0.c **** **     Parameters  : None
  82:../Generated_Code/WAIT0.c **** **     Returns     : Nothing
  83:../Generated_Code/WAIT0.c **** ** ===================================================================
  84:../Generated_Code/WAIT0.c **** */
  85:../Generated_Code/WAIT0.c **** __attribute__((naked)) void WAIT0_Wait100Cycles(void)
  86:../Generated_Code/WAIT0.c **** {
  49              		.loc 1 86 0
  50              		.cfi_startproc
  87:../Generated_Code/WAIT0.c ****   /* This function will spend 100 CPU cycles (including call overhead). */
  88:../Generated_Code/WAIT0.c ****   asm (
  89:../Generated_Code/WAIT0.c ****    /* bl to here:               [4] */
  90:../Generated_Code/WAIT0.c ****    "movs r0, #0 \n\t"        /* [1] */
  91:../Generated_Code/WAIT0.c ****    "loop:       \n\t"
  92:../Generated_Code/WAIT0.c ****    "nop         \n\t"        /* [1] */
  93:../Generated_Code/WAIT0.c ****    "nop         \n\t"        /* [1] */
  94:../Generated_Code/WAIT0.c ****    "nop         \n\t"        /* [1] */
  95:../Generated_Code/WAIT0.c ****    "nop         \n\t"        /* [1] */
  96:../Generated_Code/WAIT0.c ****    "nop         \n\t"        /* [1] */
  97:../Generated_Code/WAIT0.c ****    "add r0,#1   \n\t"        /* [1] */
  98:../Generated_Code/WAIT0.c ****    "cmp r0,#9   \n\t"        /* [1] */
  99:../Generated_Code/WAIT0.c ****    "bls loop    \n\t"        /* [3] taken, [1] not taken */
 100:../Generated_Code/WAIT0.c ****    "nop         \n\t"        /* [1] */
 101:../Generated_Code/WAIT0.c ****    "bx lr       \n\t"        /* [3] */
 102:../Generated_Code/WAIT0.c ****   );
  51              		.loc 1 102 0
  52              	@ 102 "../Generated_Code/WAIT0.c" 1
  53 0000 0020     		movs r0, #0 
  54              		loop:       
  55 0002 C046     		nop         
  56 0004 C046     		nop         
  57 0006 C046     		nop         
  58 0008 C046     		nop         
  59 000a C046     		nop         
  60 000c 0130     		add r0,#1   
  61 000e 0928     		cmp r0,#9   
  62 0010 F7D9     		bls loop    
  63 0012 C046     		nop         
  64 0014 7047     		bx lr       
  65              		
  66              	@ 0 "" 2
 103:../Generated_Code/WAIT0.c **** }
  67              		.loc 1 103 0
  68              		.code	16
  69              		.cfi_endproc
  70              	.LFE1:
  72 0016 C046     		.section	.text.WAIT0_WaitCycles,"ax",%progbits
  73              		.align	2
  74              		.global	WAIT0_WaitCycles
  75              		.code	16
  76              		.thumb_func
  78              	WAIT0_WaitCycles:
  79              	.LFB2:
 104:../Generated_Code/WAIT0.c **** 
 105:../Generated_Code/WAIT0.c **** /*
 106:../Generated_Code/WAIT0.c **** ** ===================================================================
 107:../Generated_Code/WAIT0.c **** **     Method      :  WAIT0_WaitCycles (component Wait)
 108:../Generated_Code/WAIT0.c **** **     Description :
 109:../Generated_Code/WAIT0.c **** **         Wait for a specified number of CPU cycles (16bit data type).
 110:../Generated_Code/WAIT0.c **** **     Parameters  :
 111:../Generated_Code/WAIT0.c **** **         NAME            - DESCRIPTION
 112:../Generated_Code/WAIT0.c **** **         cycles          - The number of cycles to wait.
 113:../Generated_Code/WAIT0.c **** **     Returns     : Nothing
 114:../Generated_Code/WAIT0.c **** ** ===================================================================
 115:../Generated_Code/WAIT0.c **** */
 116:../Generated_Code/WAIT0.c **** void WAIT0_WaitCycles(word cycles)
 117:../Generated_Code/WAIT0.c **** {
  80              		.loc 1 117 0
  81              		.cfi_startproc
  82 0000 80B5     		push	{r7, lr}
  83              	.LCFI0:
  84              		.cfi_def_cfa_offset 8
  85              		.cfi_offset 7, -8
  86              		.cfi_offset 14, -4
  87 0002 82B0     		sub	sp, sp, #8
  88              	.LCFI1:
  89              		.cfi_def_cfa_offset 16
  90 0004 00AF     		add	r7, sp, #0
  91              	.LCFI2:
  92              		.cfi_def_cfa_register 7
  93 0006 021C     		mov	r2, r0
  94 0008 BB1D     		add	r3, r7, #6
  95 000a 1A80     		strh	r2, [r3]
 118:../Generated_Code/WAIT0.c ****   while(cycles > 100) {
  96              		.loc 1 118 0
  97 000c 06E0     		b	.L4
  98              	.L5:
 119:../Generated_Code/WAIT0.c ****     WAIT0_Wait100Cycles();
  99              		.loc 1 119 0
 100 000e FFF7FEFF 		bl	WAIT0_Wait100Cycles
 120:../Generated_Code/WAIT0.c ****     cycles -= 100;
 101              		.loc 1 120 0
 102 0012 BB1D     		add	r3, r7, #6
 103 0014 BA1D     		add	r2, r7, #6
 104 0016 1288     		ldrh	r2, [r2]
 105 0018 643A     		sub	r2, r2, #100
 106 001a 1A80     		strh	r2, [r3]
 107              	.L4:
 118:../Generated_Code/WAIT0.c ****   while(cycles > 100) {
 108              		.loc 1 118 0
 109 001c BB1D     		add	r3, r7, #6
 110 001e 1B88     		ldrh	r3, [r3]
 111 0020 6422     		mov	r2, #100
 112 0022 9A42     		cmp	r2, r3
 113 0024 9B41     		sbc	r3, r3, r3
 114 0026 5B42     		neg	r3, r3
 115 0028 DBB2     		uxtb	r3, r3
 116 002a 002B     		cmp	r3, #0
 117 002c EFD1     		bne	.L5
 121:../Generated_Code/WAIT0.c ****   }
 122:../Generated_Code/WAIT0.c ****   while(cycles > 10) {
 118              		.loc 1 122 0
 119 002e 06E0     		b	.L6
 120              	.L7:
 123:../Generated_Code/WAIT0.c ****     WAIT0_Wait10Cycles();
 121              		.loc 1 123 0
 122 0030 FFF7FEFF 		bl	WAIT0_Wait10Cycles
 124:../Generated_Code/WAIT0.c ****     cycles -= 10;
 123              		.loc 1 124 0
 124 0034 BB1D     		add	r3, r7, #6
 125 0036 BA1D     		add	r2, r7, #6
 126 0038 1288     		ldrh	r2, [r2]
 127 003a 0A3A     		sub	r2, r2, #10
 128 003c 1A80     		strh	r2, [r3]
 129              	.L6:
 122:../Generated_Code/WAIT0.c ****   while(cycles > 10) {
 130              		.loc 1 122 0
 131 003e BB1D     		add	r3, r7, #6
 132 0040 1B88     		ldrh	r3, [r3]
 133 0042 0A22     		mov	r2, #10
 134 0044 9A42     		cmp	r2, r3
 135 0046 9B41     		sbc	r3, r3, r3
 136 0048 5B42     		neg	r3, r3
 137 004a DBB2     		uxtb	r3, r3
 138 004c 002B     		cmp	r3, #0
 139 004e EFD1     		bne	.L7
 125:../Generated_Code/WAIT0.c ****   }
 126:../Generated_Code/WAIT0.c **** }
 140              		.loc 1 126 0
 141 0050 BD46     		mov	sp, r7
 142 0052 02B0     		add	sp, sp, #8
 143              		@ sp needed for prologue
 144 0054 80BD     		pop	{r7, pc}
 145              		.cfi_endproc
 146              	.LFE2:
 148              		.section	.text._Z20WAIT0_WaitLongCyclesm,"ax",%progbits
 149              		.align	2
 150              		.global	_Z20WAIT0_WaitLongCyclesm
 151              		.code	16
 152              		.thumb_func
 154              	_Z20WAIT0_WaitLongCyclesm:
 155              	.LFB3:
 127:../Generated_Code/WAIT0.c **** 
 128:../Generated_Code/WAIT0.c **** /*
 129:../Generated_Code/WAIT0.c **** ** ===================================================================
 130:../Generated_Code/WAIT0.c **** **     Method      :  WAIT0_WaitLongCycles (component Wait)
 131:../Generated_Code/WAIT0.c **** **     Description :
 132:../Generated_Code/WAIT0.c **** **         Wait for a specified number of CPU cycles (32bit data type).
 133:../Generated_Code/WAIT0.c **** **     Parameters  :
 134:../Generated_Code/WAIT0.c **** **         NAME            - DESCRIPTION
 135:../Generated_Code/WAIT0.c **** **         cycles          - The number of cycles to wait.
 136:../Generated_Code/WAIT0.c **** **     Returns     : Nothing
 137:../Generated_Code/WAIT0.c **** ** ===================================================================
 138:../Generated_Code/WAIT0.c **** */
 139:../Generated_Code/WAIT0.c **** void WAIT0_WaitLongCycles(dword cycles)
 140:../Generated_Code/WAIT0.c **** {
 156              		.loc 1 140 0
 157              		.cfi_startproc
 158 0000 80B5     		push	{r7, lr}
 159              	.LCFI3:
 160              		.cfi_def_cfa_offset 8
 161              		.cfi_offset 7, -8
 162              		.cfi_offset 14, -4
 163 0002 82B0     		sub	sp, sp, #8
 164              	.LCFI4:
 165              		.cfi_def_cfa_offset 16
 166 0004 00AF     		add	r7, sp, #0
 167              	.LCFI5:
 168              		.cfi_def_cfa_register 7
 169 0006 7860     		str	r0, [r7, #4]
 141:../Generated_Code/WAIT0.c ****   while(cycles>60000) {
 170              		.loc 1 141 0
 171 0008 07E0     		b	.L9
 172              	.L10:
 142:../Generated_Code/WAIT0.c ****     WAIT0_WaitCycles(60000);
 173              		.loc 1 142 0
 174 000a 0C4B     		ldr	r3, .L11
 175 000c 181C     		mov	r0, r3
 176 000e FFF7FEFF 		bl	WAIT0_WaitCycles
 143:../Generated_Code/WAIT0.c ****     cycles -= 60000;
 177              		.loc 1 143 0
 178 0012 7B68     		ldr	r3, [r7, #4]
 179 0014 0A4A     		ldr	r2, .L11+4
 180 0016 9B18     		add	r3, r3, r2
 181 0018 7B60     		str	r3, [r7, #4]
 182              	.L9:
 141:../Generated_Code/WAIT0.c ****   while(cycles>60000) {
 183              		.loc 1 141 0
 184 001a 7B68     		ldr	r3, [r7, #4]
 185 001c 074A     		ldr	r2, .L11
 186 001e 9A42     		cmp	r2, r3
 187 0020 9B41     		sbc	r3, r3, r3
 188 0022 5B42     		neg	r3, r3
 189 0024 DBB2     		uxtb	r3, r3
 190 0026 002B     		cmp	r3, #0
 191 0028 EFD1     		bne	.L10
 144:../Generated_Code/WAIT0.c ****   }
 145:../Generated_Code/WAIT0.c ****   WAIT0_WaitCycles((word)cycles);
 192              		.loc 1 145 0
 193 002a 7B68     		ldr	r3, [r7, #4]
 194 002c 9BB2     		uxth	r3, r3
 195 002e 181C     		mov	r0, r3
 196 0030 FFF7FEFF 		bl	WAIT0_WaitCycles
 146:../Generated_Code/WAIT0.c **** }
 197              		.loc 1 146 0
 198 0034 BD46     		mov	sp, r7
 199 0036 02B0     		add	sp, sp, #8
 200              		@ sp needed for prologue
 201 0038 80BD     		pop	{r7, pc}
 202              	.L12:
 203 003a C046     		.align	2
 204              	.L11:
 205 003c 60EA0000 		.word	60000
 206 0040 A015FFFF 		.word	-60000
 207              		.cfi_endproc
 208              	.LFE3:
 210              		.section	.text.WAIT0_Waitms,"ax",%progbits
 211              		.align	2
 212              		.global	WAIT0_Waitms
 213              		.code	16
 214              		.thumb_func
 216              	WAIT0_Waitms:
 217              	.LFB4:
 147:../Generated_Code/WAIT0.c **** 
 148:../Generated_Code/WAIT0.c **** /*
 149:../Generated_Code/WAIT0.c **** ** ===================================================================
 150:../Generated_Code/WAIT0.c **** **     Method      :  WAIT0_Waitms (component Wait)
 151:../Generated_Code/WAIT0.c **** **     Description :
 152:../Generated_Code/WAIT0.c **** **         Wait for a specified time in milliseconds.
 153:../Generated_Code/WAIT0.c **** **     Parameters  :
 154:../Generated_Code/WAIT0.c **** **         NAME            - DESCRIPTION
 155:../Generated_Code/WAIT0.c **** **         ms              - How many milliseconds the function has to
 156:../Generated_Code/WAIT0.c **** **                           wait
 157:../Generated_Code/WAIT0.c **** **     Returns     : Nothing
 158:../Generated_Code/WAIT0.c **** ** ===================================================================
 159:../Generated_Code/WAIT0.c **** */
 160:../Generated_Code/WAIT0.c **** void WAIT0_Waitms(word ms)
 161:../Generated_Code/WAIT0.c **** {
 218              		.loc 1 161 0
 219              		.cfi_startproc
 220 0000 80B5     		push	{r7, lr}
 221              	.LCFI6:
 222              		.cfi_def_cfa_offset 8
 223              		.cfi_offset 7, -8
 224              		.cfi_offset 14, -4
 225 0002 84B0     		sub	sp, sp, #16
 226              	.LCFI7:
 227              		.cfi_def_cfa_offset 24
 228 0004 00AF     		add	r7, sp, #0
 229              	.LCFI8:
 230              		.cfi_def_cfa_register 7
 231 0006 021C     		mov	r2, r0
 232 0008 BB1D     		add	r3, r7, #6
 233 000a 1A80     		strh	r2, [r3]
 234              	.LBB2:
 162:../Generated_Code/WAIT0.c ****   dword msCycles; /* cycles for 1 ms */
 163:../Generated_Code/WAIT0.c **** 
 164:../Generated_Code/WAIT0.c ****   /* static clock/speed configuration */
 165:../Generated_Code/WAIT0.c ****   msCycles = WAIT0_NofCyclesMs(1, CPU_CORE_CLK_HZ);
 235              		.loc 1 165 0
 236 000c 0A4B     		ldr	r3, .L16
 237 000e FB60     		str	r3, [r7, #12]
 166:../Generated_Code/WAIT0.c ****   while(ms>0) {
 238              		.loc 1 166 0
 239 0010 08E0     		b	.L14
 240              	.L15:
 167:../Generated_Code/WAIT0.c ****     WAIT0_WaitLongCycles(msCycles);
 241              		.loc 1 167 0
 242 0012 FB68     		ldr	r3, [r7, #12]
 243 0014 181C     		mov	r0, r3
 244 0016 FFF7FEFF 		bl	_Z20WAIT0_WaitLongCyclesm
 168:../Generated_Code/WAIT0.c ****     ms--;
 245              		.loc 1 168 0
 246 001a BB1D     		add	r3, r7, #6
 247 001c BA1D     		add	r2, r7, #6
 248 001e 1288     		ldrh	r2, [r2]
 249 0020 013A     		sub	r2, r2, #1
 250 0022 1A80     		strh	r2, [r3]
 251              	.L14:
 166:../Generated_Code/WAIT0.c ****   while(ms>0) {
 252              		.loc 1 166 0
 253 0024 BB1D     		add	r3, r7, #6
 254 0026 1B88     		ldrh	r3, [r3]
 255 0028 5A1E     		sub	r2, r3, #1
 256 002a 9341     		sbc	r3, r3, r2
 257 002c DBB2     		uxtb	r3, r3
 258 002e 002B     		cmp	r3, #0
 259 0030 EFD1     		bne	.L15
 260              	.LBE2:
 169:../Generated_Code/WAIT0.c ****   }
 170:../Generated_Code/WAIT0.c **** }
 261              		.loc 1 170 0
 262 0032 BD46     		mov	sp, r7
 263 0034 04B0     		add	sp, sp, #16
 264              		@ sp needed for prologue
 265 0036 80BD     		pop	{r7, pc}
 266              	.L17:
 267              		.align	2
 268              	.L16:
 269 0038 80BB0000 		.word	48000
 270              		.cfi_endproc
 271              	.LFE4:
 273              		.text
 274              	.Letext0:
 275              		.file 2 "../Generated_Code/PE_Types.h"
DEFINED SYMBOLS
                            *ABS*:00000000 WAIT0.c
C:\Users\JH\AppData\Local\Temp\ccho9rgb.s:18     .text.WAIT0_Wait10Cycles:00000000 $t
C:\Users\JH\AppData\Local\Temp\ccho9rgb.s:23     .text.WAIT0_Wait10Cycles:00000000 WAIT0_Wait10Cycles
C:\Users\JH\AppData\Local\Temp\ccho9rgb.s:42     .text.WAIT0_Wait100Cycles:00000000 $t
C:\Users\JH\AppData\Local\Temp\ccho9rgb.s:47     .text.WAIT0_Wait100Cycles:00000000 WAIT0_Wait100Cycles
C:\Users\JH\AppData\Local\Temp\ccho9rgb.s:54     .text.WAIT0_Wait100Cycles:00000002 loop
C:\Users\JH\AppData\Local\Temp\ccho9rgb.s:73     .text.WAIT0_WaitCycles:00000000 $t
C:\Users\JH\AppData\Local\Temp\ccho9rgb.s:78     .text.WAIT0_WaitCycles:00000000 WAIT0_WaitCycles
C:\Users\JH\AppData\Local\Temp\ccho9rgb.s:149    .text._Z20WAIT0_WaitLongCyclesm:00000000 $t
C:\Users\JH\AppData\Local\Temp\ccho9rgb.s:154    .text._Z20WAIT0_WaitLongCyclesm:00000000 _Z20WAIT0_WaitLongCyclesm
C:\Users\JH\AppData\Local\Temp\ccho9rgb.s:205    .text._Z20WAIT0_WaitLongCyclesm:0000003c $d
C:\Users\JH\AppData\Local\Temp\ccho9rgb.s:211    .text.WAIT0_Waitms:00000000 $t
C:\Users\JH\AppData\Local\Temp\ccho9rgb.s:216    .text.WAIT0_Waitms:00000000 WAIT0_Waitms
C:\Users\JH\AppData\Local\Temp\ccho9rgb.s:269    .text.WAIT0_Waitms:00000038 $d
                     .debug_frame:00000010 $d

NO UNDEFINED SYMBOLS
