   1              		.cpu cortex-m0
   2              		.fpu softvfp
   3              		.eabi_attribute 20, 1
   4              		.eabi_attribute 21, 1
   5              		.eabi_attribute 23, 3
   6              		.eabi_attribute 24, 1
   7              		.eabi_attribute 25, 1
   8              		.eabi_attribute 26, 1
   9              		.eabi_attribute 30, 6
  10              		.eabi_attribute 34, 0
  11              		.eabi_attribute 18, 4
  12              		.code	16
  13              		.file	"ProcessorExpert.c"
  14              		.text
  15              	.Ltext0:
  16              		.cfi_sections	.debug_frame
  17              		.section	.rodata
  18              		.align	2
  19              	.LC0:
  20 0000 74657374 		.ascii	"test\000"
  20      00
  21 0005 000000   		.section	.text.main,"ax",%progbits
  22              		.align	2
  23              		.global	main
  24              		.code	16
  25              		.thumb_func
  27              	main:
  28              	.LFB12:
  29              		.file 1 "../Sources/ProcessorExpert.c"
   1:../Sources/ProcessorExpert.c **** /** ###################################################################
   2:../Sources/ProcessorExpert.c ****  **     Filename    : ProcessorExpert.c
   3:../Sources/ProcessorExpert.c ****  **     Project     : ProcessorExpert
   4:../Sources/ProcessorExpert.c ****  **     Processor   : MKL25Z128VLK4
   5:../Sources/ProcessorExpert.c ****  **     Version     : Driver 01.01
   6:../Sources/ProcessorExpert.c ****  **     Compiler    : GNU C Compiler
   7:../Sources/ProcessorExpert.c ****  **     Date/Time   : 2012-10-04, 09:56, # CodeGen: 0
   8:../Sources/ProcessorExpert.c ****  **     Abstract    :
   9:../Sources/ProcessorExpert.c ****  **         Main module.
  10:../Sources/ProcessorExpert.c ****  **         This module contains user's application code.
  11:../Sources/ProcessorExpert.c ****  **     Settings    :
  12:../Sources/ProcessorExpert.c ****  **     Contents    :
  13:../Sources/ProcessorExpert.c ****  **         No public methods
  14:../Sources/ProcessorExpert.c ****  **
  15:../Sources/ProcessorExpert.c ****  ** ###################################################################*/
  16:../Sources/ProcessorExpert.c **** /* MODULE ProcessorExpert */
  17:../Sources/ProcessorExpert.c **** 
  18:../Sources/ProcessorExpert.c **** /* Including needed modules to compile this module/procedure */
  19:../Sources/ProcessorExpert.c **** #include "Cpu.h"
  20:../Sources/ProcessorExpert.c **** #include "Events.h"
  21:../Sources/ProcessorExpert.c **** #include "FreeRTOS0.h"
  22:../Sources/ProcessorExpert.c **** #include "UTIL0.h"
  23:../Sources/ProcessorExpert.c **** #include "MMA0.h"
  24:../Sources/ProcessorExpert.c **** #include "GI2C0.h"
  25:../Sources/ProcessorExpert.c **** #include "WAIT0.h"
  26:../Sources/ProcessorExpert.c **** #include "I2C0.h"
  27:../Sources/ProcessorExpert.c **** #include "TU0.h"
  28:../Sources/ProcessorExpert.c **** #include "PWMLEDBlue.h"
  29:../Sources/ProcessorExpert.c **** #include "PwmLdd1.h"
  30:../Sources/ProcessorExpert.c **** #include "PWMLEDRed.h"
  31:../Sources/ProcessorExpert.c **** #include "PwmLdd2.h"
  32:../Sources/ProcessorExpert.c **** #include "TU2.h"
  33:../Sources/ProcessorExpert.c **** #include "PWMLEDGreen.h"
  34:../Sources/ProcessorExpert.c **** #include "PwmLdd3.h"
  35:../Sources/ProcessorExpert.c **** #include "Tasks/Test.h"
  36:../Sources/ProcessorExpert.c **** /* Including shared modules, which are used for whole project */
  37:../Sources/ProcessorExpert.c **** #include "PE_Types.h"
  38:../Sources/ProcessorExpert.c **** #include "PE_Error.h"
  39:../Sources/ProcessorExpert.c **** #include "PE_Const.h"
  40:../Sources/ProcessorExpert.c **** #include "IO_Map.h"
  41:../Sources/ProcessorExpert.c **** 
  42:../Sources/ProcessorExpert.c **** /* User includes (#include below this line is not maintained by Processor Expert) */
  43:../Sources/ProcessorExpert.c **** #include "application.h"
  44:../Sources/ProcessorExpert.c **** 
  45:../Sources/ProcessorExpert.c **** /*lint -save  -e970 Disable MISRA rule (6.3) checking. */
  46:../Sources/ProcessorExpert.c **** int main(void)
  47:../Sources/ProcessorExpert.c **** /*lint -restore Enable MISRA rule (6.3) checking. */
  48:../Sources/ProcessorExpert.c **** {
  30              		.loc 1 48 0
  31              		.cfi_startproc
  32 0000 80B5     		push	{r7, lr}
  33              	.LCFI0:
  34              		.cfi_def_cfa_offset 8
  35              		.cfi_offset 7, -8
  36              		.cfi_offset 14, -4
  37 0002 8AB0     		sub	sp, sp, #40
  38              	.LCFI1:
  39              		.cfi_def_cfa_offset 48
  40 0004 02AF     		add	r7, sp, #8
  41              	.LCFI2:
  42              		.cfi_def_cfa 7, 40
  43              	.LBB2:
  49:../Sources/ProcessorExpert.c **** 	/* Write your local variable definition here */
  50:../Sources/ProcessorExpert.c **** 
  51:../Sources/ProcessorExpert.c **** 	/*** Processor Expert internal initialization. DON'T REMOVE THIS CODE!!! ***/
  52:../Sources/ProcessorExpert.c **** 	PE_low_level_init();
  44              		.loc 1 52 0
  45 0006 FFF7FEFF 		bl	PE_low_level_init
  53:../Sources/ProcessorExpert.c **** 	/*** End of Processor Expert internal initialization.                    ***/
  54:../Sources/ProcessorExpert.c **** 	char* testName = "test";
  46              		.loc 1 54 0
  47 000a 074B     		ldr	r3, .L3
  48 000c FB61     		str	r3, [r7, #28]
  55:../Sources/ProcessorExpert.c **** 	Test test(0, testName, 500, 1);
  49              		.loc 1 55 0
  50 000e 391C     		mov	r1, r7
  51 0010 FA69     		ldr	r2, [r7, #28]
  52 0012 FA23     		mov	r3, #250
  53 0014 5B00     		lsl	r3, r3, #1
  54 0016 0120     		mov	r0, #1
  55 0018 0090     		str	r0, [sp]
  56 001a 081C     		mov	r0, r1
  57 001c 0021     		mov	r1, #0
  58 001e FFF7FEFF 		bl	_ZN4TestC1EjPKcjh
  56:../Sources/ProcessorExpert.c **** 
  57:../Sources/ProcessorExpert.c **** 	/*** Don't write any code pass this line, or it will be deleted during code generation. ***/
  58:../Sources/ProcessorExpert.c ****   /*** RTOS startup code. Macro PEX_RTOS_START is defined by the RTOS component. DON'T MODIFY THIS 
  59:../Sources/ProcessorExpert.c ****   #ifdef PEX_RTOS_START
  60:../Sources/ProcessorExpert.c ****     PEX_RTOS_START();                  /* Startup of the selected RTOS. Macro is defined by the RTO
  59              		.loc 1 60 0
  60 0022 FFF7FEFF 		bl	vTaskStartScheduler
  61              	.L2:
  61:../Sources/ProcessorExpert.c ****   #endif
  62:../Sources/ProcessorExpert.c ****   /*** End of RTOS startup code.  ***/
  63:../Sources/ProcessorExpert.c ****   /*** Processor Expert end of main routine. DON'T MODIFY THIS CODE!!! ***/
  64:../Sources/ProcessorExpert.c ****   for(;;){}
  62              		.loc 1 64 0
  63 0026 FEE7     		b	.L2
  64              	.L4:
  65              		.align	2
  66              	.L3:
  67 0028 00000000 		.word	.LC0
  68              	.LBE2:
  69              		.cfi_endproc
  70              	.LFE12:
  72              		.text
  73              	.Letext0:
  74              		.file 2 "C:/Freescale/CW MCU v10.5/MCU/ARM_GCC_Support/ewl/EWL_C/include/cstdint"
  75              		.file 3 "C:/Freescale/CW MCU v10.5/MCU/ARM_GCC_Support/ewl/EWL_C/include/size_t.h"
  76              		.file 4 "C:/Freescale/CW MCU v10.5/MCU/ARM_GCC_Support/ewl/EWL_C/include/file_struc.h"
  77              		.file 5 "C:/Users/JH/Documents/GitHub/M0PlusFreeRTOS/M0PlusFreeRTOSPlusPlus/Generated_Code/PE_Type
  78              		.file 6 "../Sources/Tasks/Test.h"
DEFINED SYMBOLS
                            *ABS*:00000000 ProcessorExpert.c
C:\Users\JH\AppData\Local\Temp\cciTWbDG.s:18     .rodata:00000000 $d
C:\Users\JH\AppData\Local\Temp\cciTWbDG.s:22     .text.main:00000000 $t
C:\Users\JH\AppData\Local\Temp\cciTWbDG.s:27     .text.main:00000000 main
C:\Users\JH\AppData\Local\Temp\cciTWbDG.s:67     .text.main:00000028 $d
                     .debug_frame:00000010 $d

UNDEFINED SYMBOLS
PE_low_level_init
_ZN4TestC1EjPKcjh
vTaskStartScheduler
